[2021-01-16 01:30:34.013] [exthost] [info] extension host started
[2021-01-16 01:30:34.474] [exthost] [info] ExtensionService#_doActivateExtension vscode.debug-auto-launch {"startup":true,"extensionId":{"value":"vscode.debug-auto-launch","_lower":"vscode.debug-auto-launch"},"activationEvent":"*"}
[2021-01-16 01:30:34.475] [exthost] [info] ExtensionService#loadCommonJSModule file:///home/bryan/.vscode-server/bin/ea3859d4ba2f3e577a159bc91e3074c5d85c0523/extensions/debug-auto-launch/dist/extension
[2021-01-16 01:30:34.491] [exthost] [info] ExtensionService#_doActivateExtension vscode.emmet {"startup":true,"extensionId":{"value":"vscode.emmet","_lower":"vscode.emmet"},"activationEvent":"*"}
[2021-01-16 01:30:34.491] [exthost] [info] ExtensionService#loadCommonJSModule file:///home/bryan/.vscode-server/bin/ea3859d4ba2f3e577a159bc91e3074c5d85c0523/extensions/emmet/dist/node/emmetNodeMain
[2021-01-16 01:30:34.609] [exthost] [info] ExtensionService#_doActivateExtension vscode.git {"startup":true,"extensionId":{"value":"vscode.github","_lower":"vscode.github"},"activationEvent":"*"}
[2021-01-16 01:30:34.609] [exthost] [info] ExtensionService#loadCommonJSModule file:///home/bryan/.vscode-server/bin/ea3859d4ba2f3e577a159bc91e3074c5d85c0523/extensions/git/dist/main
[2021-01-16 01:30:36.824] [exthost] [info] ExtensionService#_doActivateExtension vscode.merge-conflict {"startup":true,"extensionId":{"value":"vscode.merge-conflict","_lower":"vscode.merge-conflict"},"activationEvent":"*"}
[2021-01-16 01:30:36.824] [exthost] [info] ExtensionService#loadCommonJSModule file:///home/bryan/.vscode-server/bin/ea3859d4ba2f3e577a159bc91e3074c5d85c0523/extensions/merge-conflict/dist/mergeConflictMain
[2021-01-16 01:30:36.842] [exthost] [info] ExtensionService#_doActivateExtension vscode.search-result {"startup":true,"extensionId":{"value":"vscode.search-result","_lower":"vscode.search-result"},"activationEvent":"*"}
[2021-01-16 01:30:36.842] [exthost] [info] ExtensionService#loadCommonJSModule file:///home/bryan/.vscode-server/bin/ea3859d4ba2f3e577a159bc91e3074c5d85c0523/extensions/search-result/dist/extension.js
[2021-01-16 01:30:36.845] [exthost] [info] ExtensionService#_doActivateExtension AnchovyStudios.zip-extract-all {"startup":true,"extensionId":{"value":"AnchovyStudios.zip-extract-all","_lower":"anchovystudios.zip-extract-all"},"activationEvent":"*"}
[2021-01-16 01:30:36.845] [exthost] [info] ExtensionService#loadCommonJSModule file:///home/bryan/.vscode-server/extensions/anchovystudios.zip-extract-all-1.2.0/extension.js
[2021-01-16 01:30:36.905] [exthost] [info] ExtensionService#_doActivateExtension bajdzis.vscode-database {"startup":true,"extensionId":{"value":"bajdzis.vscode-database","_lower":"bajdzis.vscode-database"},"activationEvent":"*"}
[2021-01-16 01:30:36.905] [exthost] [info] ExtensionService#loadCommonJSModule file:///home/bryan/.vscode-server/extensions/bajdzis.vscode-database-2.2.3/out/extension.js
[2021-01-16 01:30:36.985] [exthost] [info] ExtensionService#_doActivateExtension chenxsan.vscode-standardjs {"startup":true,"extensionId":{"value":"chenxsan.vscode-standardjs","_lower":"chenxsan.vscode-standardjs"},"activationEvent":"*"}
[2021-01-16 01:30:36.985] [exthost] [info] ExtensionService#loadCommonJSModule file:///home/bryan/.vscode-server/extensions/chenxsan.vscode-standardjs-1.4.0/client/out/extension
[2021-01-16 01:30:37.132] [exthost] [info] ExtensionService#_doActivateExtension christian-kohler.path-intellisense {"startup":true,"extensionId":{"value":"christian-kohler.path-intellisense","_lower":"christian-kohler.path-intellisense"},"activationEvent":"*"}
[2021-01-16 01:30:37.132] [exthost] [info] ExtensionService#loadCommonJSModule file:///home/bryan/.vscode-server/extensions/christian-kohler.path-intellisense-2.3.0/out/extension.js
[2021-01-16 01:30:37.193] [exthost] [info] ExtensionService#_doActivateExtension cweijan.vscode-office {"startup":true,"extensionId":{"value":"cweijan.vscode-office","_lower":"cweijan.vscode-office"},"activationEvent":"*"}
[2021-01-16 01:30:37.193] [exthost] [info] ExtensionService#loadCommonJSModule file:///home/bryan/.vscode-server/extensions/cweijan.vscode-office-1.9.0/out/extension.js
[2021-01-16 01:30:38.149] [exthost] [info] ExtensionService#_doActivateExtension donjayamanne.githistory {"startup":true,"extensionId":{"value":"donjayamanne.githistory","_lower":"donjayamanne.githistory"},"activationEvent":"*"}
[2021-01-16 01:30:38.149] [exthost] [info] ExtensionService#loadCommonJSModule file:///home/bryan/.vscode-server/extensions/donjayamanne.githistory-0.6.14/dist/src/extension
[2021-01-16 01:30:38.278] [exthost] [info] ExtensionService#_doActivateExtension ecmel.vscode-html-css {"startup":true,"extensionId":{"value":"ecmel.vscode-html-css","_lower":"ecmel.vscode-html-css"},"activationEvent":"*"}
[2021-01-16 01:30:38.278] [exthost] [info] ExtensionService#loadCommonJSModule file:///home/bryan/.vscode-server/extensions/ecmel.vscode-html-css-1.8.1/dist/extension.js
[2021-01-16 01:30:38.381] [exthost] [info] ExtensionService#_doActivateExtension ExodiusStudios.comment-anchors {"startup":true,"extensionId":{"value":"ExodiusStudios.comment-anchors","_lower":"exodiusstudios.comment-anchors"},"activationEvent":"*"}
[2021-01-16 01:30:38.381] [exthost] [info] ExtensionService#loadCommonJSModule file:///home/bryan/.vscode-server/extensions/exodiusstudios.comment-anchors-1.9.1/out/extension
[2021-01-16 01:30:38.403] [exthost] [info] ExtensionService#_doActivateExtension fcrespo82.markdown-table-formatter {"startup":true,"extensionId":{"value":"fcrespo82.markdown-table-formatter","_lower":"fcrespo82.markdown-table-formatter"},"activationEvent":"*"}
[2021-01-16 01:30:38.403] [exthost] [info] ExtensionService#loadCommonJSModule file:///home/bryan/.vscode-server/extensions/fcrespo82.markdown-table-formatter-2.1.3/dist/extension
[2021-01-16 01:30:38.494] [exthost] [info] ExtensionService#_doActivateExtension Fooxly.provision-bar {"startup":true,"extensionId":{"value":"Fooxly.provision-bar","_lower":"fooxly.provision-bar"},"activationEvent":"*"}
[2021-01-16 01:30:38.494] [exthost] [info] ExtensionService#loadCommonJSModule file:///home/bryan/.vscode-server/extensions/fooxly.provision-bar-3.0.3/out/extension.js
[2021-01-16 01:30:38.507] [exthost] [info] ExtensionService#_doActivateExtension Fooxly.workspace {"startup":true,"extensionId":{"value":"Fooxly.workspace","_lower":"fooxly.workspace"},"activationEvent":"*"}
[2021-01-16 01:30:38.507] [exthost] [info] ExtensionService#loadCommonJSModule file:///home/bryan/.vscode-server/extensions/fooxly.workspace-1.1.1/out/extension.js
[2021-01-16 01:30:38.509] [exthost] [info] ExtensionService#_doActivateExtension hediet.hediet-power-tools {"startup":true,"extensionId":{"value":"hediet.hediet-power-tools","_lower":"hediet.hediet-power-tools"},"activationEvent":"*"}
[2021-01-16 01:30:38.509] [exthost] [info] ExtensionService#loadCommonJSModule file:///home/bryan/.vscode-server/extensions/hediet.hediet-power-tools-0.4.0/out/extension
[2021-01-16 01:30:38.806] [exthost] [info] ExtensionService#_doActivateExtension hediet.tasks-statusbar {"startup":true,"extensionId":{"value":"hediet.tasks-statusbar","_lower":"hediet.tasks-statusbar"},"activationEvent":"*"}
[2021-01-16 01:30:38.806] [exthost] [info] ExtensionService#loadCommonJSModule file:///home/bryan/.vscode-server/extensions/hediet.tasks-statusbar-0.1.0/out/extension.js
[2021-01-16 01:30:38.809] [exthost] [info] ExtensionService#_doActivateExtension HookyQR.beautify {"startup":true,"extensionId":{"value":"HookyQR.beautify","_lower":"hookyqr.beautify"},"activationEvent":"*"}
[2021-01-16 01:30:38.809] [exthost] [info] ExtensionService#loadCommonJSModule file:///home/bryan/.vscode-server/extensions/hookyqr.beautify-1.5.0/extension
[2021-01-16 01:30:38.848] [exthost] [info] ExtensionService#_doActivateExtension iocave.monkey-patch {"startup":true,"extensionId":{"value":"iocave.monkey-patch","_lower":"iocave.monkey-patch"},"activationEvent":"*"}
[2021-01-16 01:30:38.848] [exthost] [info] ExtensionService#loadCommonJSModule file:///home/bryan/.vscode-server/extensions/iocave.monkey-patch-0.1.11/out/extension.js
[2021-01-16 01:30:38.858] [exthost] [info] ExtensionService#_doActivateExtension ionutvmi.path-autocomplete {"startup":true,"extensionId":{"value":"ionutvmi.path-autocomplete","_lower":"ionutvmi.path-autocomplete"},"activationEvent":"*"}
[2021-01-16 01:30:38.858] [exthost] [info] ExtensionService#loadCommonJSModule file:///home/bryan/.vscode-server/extensions/ionutvmi.path-autocomplete-1.17.0/out/src/extension
[2021-01-16 01:30:38.867] [exthost] [info] ExtensionService#_doActivateExtension kisstkondoros.vscode-gutter-preview {"startup":true,"extensionId":{"value":"kisstkondoros.vscode-gutter-preview","_lower":"kisstkondoros.vscode-gutter-preview"},"activationEvent":"*"}
[2021-01-16 01:30:38.867] [exthost] [info] ExtensionService#loadCommonJSModule file:///home/bryan/.vscode-server/extensions/kisstkondoros.vscode-gutter-preview-0.26.2/dist/extension
[2021-01-16 01:30:38.912] [exthost] [info] ExtensionService#_doActivateExtension kortina.vscode-markdown-notes {"startup":true,"extensionId":{"value":"kortina.vscode-markdown-notes","_lower":"kortina.vscode-markdown-notes"},"activationEvent":"*"}
[2021-01-16 01:30:38.912] [exthost] [info] ExtensionService#loadCommonJSModule file:///home/bryan/.vscode-server/extensions/kortina.vscode-markdown-notes-0.0.21/out/extension.js
[2021-01-16 01:30:38.928] [exthost] [info] ExtensionService#_doActivateExtension mdickin.markdown-shortcuts {"startup":true,"extensionId":{"value":"mdickin.markdown-shortcuts","_lower":"mdickin.markdown-shortcuts"},"activationEvent":"*"}
[2021-01-16 01:30:38.928] [exthost] [info] ExtensionService#loadCommonJSModule file:///home/bryan/.vscode-server/extensions/mdickin.markdown-shortcuts-0.12.0/extension
[2021-01-16 01:30:38.934] [exthost] [info] ExtensionService#_doActivateExtension michelemelluso.code-beautifier {"startup":true,"extensionId":{"value":"michelemelluso.code-beautifier","_lower":"michelemelluso.code-beautifier"},"activationEvent":"*"}
[2021-01-16 01:30:38.934] [exthost] [info] ExtensionService#loadCommonJSModule file:///home/bryan/.vscode-server/extensions/michelemelluso.code-beautifier-2.3.3/out/src/extension
[2021-01-16 01:30:38.958] [exthost] [info] ExtensionService#_doActivateExtension mutantdino.resourcemonitor {"startup":true,"extensionId":{"value":"mutantdino.resourcemonitor","_lower":"mutantdino.resourcemonitor"},"activationEvent":"*"}
[2021-01-16 01:30:38.958] [exthost] [info] ExtensionService#loadCommonJSModule file:///home/bryan/.vscode-server/extensions/mutantdino.resourcemonitor-1.0.7/out/extension
[2021-01-16 01:30:38.989] [exthost] [info] ExtensionService#_doActivateExtension naumovs.color-highlight {"startup":true,"extensionId":{"value":"naumovs.color-highlight","_lower":"naumovs.color-highlight"},"activationEvent":"*"}
[2021-01-16 01:30:38.989] [exthost] [info] ExtensionService#loadCommonJSModule file:///home/bryan/.vscode-server/extensions/naumovs.color-highlight-2.3.0/dist/extension
[2021-01-16 01:30:39.022] [exthost] [info] ExtensionService#_doActivateExtension pdconsec.vscode-print {"startup":true,"extensionId":{"value":"pdconsec.vscode-print","_lower":"pdconsec.vscode-print"},"activationEvent":"*"}
[2021-01-16 01:30:39.022] [exthost] [info] ExtensionService#loadCommonJSModule file:///home/bryan/.vscode-server/extensions/pdconsec.vscode-print-0.8.3/dist/extension.js
[2021-01-16 01:30:39.154] [exthost] [info] ExtensionService#_doActivateExtension RedVanWorkshop.explorer-exclude-vscode-extension {"startup":true,"extensionId":{"value":"RedVanWorkshop.explorer-exclude-vscode-extension","_lower":"redvanworkshop.explorer-exclude-vscode-extension"},"activationEvent":"*"}
[2021-01-16 01:30:39.154] [exthost] [info] ExtensionService#loadCommonJSModule file:///home/bryan/.vscode-server/extensions/redvanworkshop.explorer-exclude-vscode-extension-1.2.0/extension
[2021-01-16 01:30:39.177] [exthost] [info] ExtensionService#_doActivateExtension ritwickdey.LiveServer {"startup":true,"extensionId":{"value":"ritwickdey.LiveServer","_lower":"ritwickdey.liveserver"},"activationEvent":"*"}
[2021-01-16 01:30:39.178] [exthost] [info] ExtensionService#loadCommonJSModule file:///home/bryan/.vscode-server/extensions/ritwickdey.liveserver-5.6.1/out/src/extension
[2021-01-16 01:30:39.731] [exthost] [info] ExtensionService#_doActivateExtension slevesque.vscode-multiclip {"startup":true,"extensionId":{"value":"slevesque.vscode-multiclip","_lower":"slevesque.vscode-multiclip"},"activationEvent":"*"}
[2021-01-16 01:30:39.731] [exthost] [info] ExtensionService#loadCommonJSModule file:///home/bryan/.vscode-server/extensions/slevesque.vscode-multiclip-0.1.5/out/src/extension
[2021-01-16 01:30:39.733] [exthost] [info] ExtensionService#_doActivateExtension sporiley.css-auto-prefix {"startup":true,"extensionId":{"value":"sporiley.css-auto-prefix","_lower":"sporiley.css-auto-prefix"},"activationEvent":"*"}
[2021-01-16 01:30:39.733] [exthost] [info] ExtensionService#loadCommonJSModule file:///home/bryan/.vscode-server/extensions/sporiley.css-auto-prefix-0.1.7/extension
[2021-01-16 01:30:39.735] [exthost] [info] ExtensionService#_doActivateExtension stuart.unique-window-colors {"startup":true,"extensionId":{"value":"stuart.unique-window-colors","_lower":"stuart.unique-window-colors"},"activationEvent":"*"}
[2021-01-16 01:30:39.735] [exthost] [info] ExtensionService#loadCommonJSModule file:///home/bryan/.vscode-server/extensions/stuart.unique-window-colors-1.0.51/out/extension
[2021-01-16 01:30:39.749] [exthost] [info] ExtensionService#_doActivateExtension WallabyJs.wallaby-vscode {"startup":true,"extensionId":{"value":"WallabyJs.wallaby-vscode","_lower":"wallabyjs.wallaby-vscode"},"activationEvent":"*"}
[2021-01-16 01:30:39.750] [exthost] [info] ExtensionService#loadCommonJSModule file:///home/bryan/.vscode-server/extensions/wallabyjs.wallaby-vscode-1.0.258/index
[2021-01-16 01:30:39.752] [exthost] [info] ExtensionService#_doActivateExtension wangtao0101.vscode-js-import {"startup":true,"extensionId":{"value":"wangtao0101.vscode-js-import","_lower":"wangtao0101.vscode-js-import"},"activationEvent":"*"}
[2021-01-16 01:30:39.752] [exthost] [info] ExtensionService#loadCommonJSModule file:///home/bryan/.vscode-server/extensions/wangtao0101.vscode-js-import-0.15.5/out/src/extension
[2021-01-16 01:30:39.772] [exthost] [info] ExtensionService#_doActivateExtension yatki.vscode-surround {"startup":true,"extensionId":{"value":"yatki.vscode-surround","_lower":"yatki.vscode-surround"},"activationEvent":"*"}
[2021-01-16 01:30:39.772] [exthost] [info] ExtensionService#loadCommonJSModule file:///home/bryan/.vscode-server/extensions/yatki.vscode-surround-1.0.2/out/surround
[2021-01-16 01:30:47.677] [exthost] [info] ExtensionService#_doActivateExtension vscode.grunt {"startup":false,"extensionId":{"value":"vscode.grunt","_lower":"vscode.grunt"},"activationEvent":"onCommand:workbench.action.tasks.runTask"}
[2021-01-16 01:30:47.678] [exthost] [info] ExtensionService#loadCommonJSModule file:///home/bryan/.vscode-server/bin/ea3859d4ba2f3e577a159bc91e3074c5d85c0523/extensions/grunt/dist/main
[2021-01-16 01:30:47.687] [exthost] [info] ExtensionService#_doActivateExtension vscode.gulp {"startup":false,"extensionId":{"value":"vscode.gulp","_lower":"vscode.gulp"},"activationEvent":"onCommand:workbench.action.tasks.runTask"}
[2021-01-16 01:30:47.687] [exthost] [info] ExtensionService#loadCommonJSModule file:///home/bryan/.vscode-server/bin/ea3859d4ba2f3e577a159bc91e3074c5d85c0523/extensions/gulp/dist/main
[2021-01-16 01:30:47.691] [exthost] [info] ExtensionService#_doActivateExtension vscode.jake {"startup":false,"extensionId":{"value":"vscode.jake","_lower":"vscode.jake"},"activationEvent":"onCommand:workbench.action.tasks.runTask"}
[2021-01-16 01:30:47.691] [exthost] [info] ExtensionService#loadCommonJSModule file:///home/bryan/.vscode-server/bin/ea3859d4ba2f3e577a159bc91e3074c5d85c0523/extensions/jake/dist/main
[2021-01-16 01:30:47.697] [exthost] [info] ExtensionService#_doActivateExtension vscode.npm {"startup":false,"extensionId":{"value":"vscode.npm","_lower":"vscode.npm"},"activationEvent":"onCommand:workbench.action.tasks.runTask"}
[2021-01-16 01:30:47.697] [exthost] [info] ExtensionService#loadCommonJSModule file:///home/bryan/.vscode-server/bin/ea3859d4ba2f3e577a159bc91e3074c5d85c0523/extensions/npm/dist/npmMain
[2021-01-16 01:30:47.798] [exthost] [info] ExtensionService#_doActivateExtension vscode.typescript-language-features {"startup":false,"extensionId":{"value":"vscode.typescript-language-features","_lower":"vscode.typescript-language-features"},"activationEvent":"onCommand:workbench.action.tasks.runTask"}
[2021-01-16 01:30:47.798] [exthost] [info] ExtensionService#loadCommonJSModule file:///home/bryan/.vscode-server/bin/ea3859d4ba2f3e577a159bc91e3074c5d85c0523/extensions/typescript-language-features/dist/extension
[2021-01-16 01:30:47.869] [exthost] [info] ExtensionService#_doActivateExtension ms-azuretools.vscode-docker {"startup":false,"extensionId":{"value":"ms-azuretools.vscode-docker","_lower":"ms-azuretools.vscode-docker"},"activationEvent":"onCommand:workbench.action.tasks.runTask"}
[2021-01-16 01:30:47.869] [exthost] [info] ExtensionService#loadCommonJSModule file:///home/bryan/.vscode-server/extensions/ms-azuretools.vscode-docker-1.9.0/main
[2021-01-16 01:30:49.416] [exthost] [info] ExtensionService#_doActivateExtension rebornix.ruby {"startup":false,"extensionId":{"value":"rebornix.ruby","_lower":"rebornix.ruby"},"activationEvent":"onCommand:workbench.action.tasks.runTask"}
[2021-01-16 01:30:49.416] [exthost] [info] ExtensionService#loadCommonJSModule file:///home/bryan/.vscode-server/extensions/rebornix.ruby-0.28.1/dist/client/ruby.js
[2021-01-16 01:30:50.076] [exthost] [info] ExtensionService#_doActivateExtension vscode.github {"startup":true,"extensionId":{"value":"vscode.github","_lower":"vscode.github"},"activationEvent":"*"}
[2021-01-16 01:30:50.076] [exthost] [info] ExtensionService#loadCommonJSModule file:///home/bryan/.vscode-server/bin/ea3859d4ba2f3e577a159bc91e3074c5d85c0523/extensions/github/dist/extension.js
[2021-01-16 01:30:50.871] [exthost] [info] ExtensionService#_doActivateExtension dbaeumer.vscode-eslint {"startup":false,"extensionId":{"value":"dbaeumer.vscode-eslint","_lower":"dbaeumer.vscode-eslint"},"activationEvent":"onStartupFinished"}
[2021-01-16 01:30:50.871] [exthost] [info] ExtensionService#loadCommonJSModule file:///home/bryan/.vscode-server/extensions/dbaeumer.vscode-eslint-2.1.14/client/out/extension
[2021-01-16 01:30:51.069] [exthost] [info] ExtensionService#_doActivateExtension eamodio.gitlens {"startup":false,"extensionId":{"value":"eamodio.gitlens","_lower":"eamodio.gitlens"},"activationEvent":"onStartupFinished"}
[2021-01-16 01:30:51.069] [exthost] [info] ExtensionService#loadCommonJSModule file:///home/bryan/.vscode-server/extensions/eamodio.gitlens-11.1.3/dist/gitlens
[2021-01-16 01:30:51.903] [exthost] [info] ExtensionService#_doActivateExtension esbenp.prettier-vscode {"startup":false,"extensionId":{"value":"esbenp.prettier-vscode","_lower":"esbenp.prettier-vscode"},"activationEvent":"onStartupFinished"}
[2021-01-16 01:30:51.903] [exthost] [info] ExtensionService#loadCommonJSModule file:///home/bryan/.vscode-server/extensions/esbenp.prettier-vscode-5.8.0/dist/extension
[2021-01-16 01:30:52.426] [exthost] [info] ExtensionService#_doActivateExtension formulahendry.code-runner {"startup":false,"extensionId":{"value":"formulahendry.code-runner","_lower":"formulahendry.code-runner"},"activationEvent":"onStartupFinished"}
[2021-01-16 01:30:52.426] [exthost] [info] ExtensionService#loadCommonJSModule file:///home/bryan/.vscode-server/extensions/formulahendry.code-runner-0.11.2/out/src/extension
[2021-01-16 01:30:52.573] [exthost] [info] ExtensionService#_doActivateExtension yasht.terminal-all-in-one {"startup":false,"extensionId":{"value":"yasht.terminal-all-in-one","_lower":"yasht.terminal-all-in-one"},"activationEvent":"onStartupFinished"}
[2021-01-16 01:30:52.573] [exthost] [info] ExtensionService#loadCommonJSModule file:///home/bryan/.vscode-server/extensions/yasht.terminal-all-in-one-1.11.16/dist/extension
[2021-01-16 01:30:52.858] [exthost] [info] ExtensionService#_doActivateExtension ms-vscode.js-debug {"startup":false,"extensionId":{"value":"ms-vscode.js-debug","_lower":"ms-vscode.js-debug"},"activationEvent":"onCommand:extension.js-debug.clearAutoAttachVariables"}
[2021-01-16 01:30:52.858] [exthost] [info] ExtensionService#loadCommonJSModule file:///home/bryan/.vscode-server/bin/ea3859d4ba2f3e577a159bc91e3074c5d85c0523/extensions/ms-vscode.js-debug/src/extension.js
[2021-01-16 01:30:54.065] [exthost] [info] eager extensions activated
