[2021-01-17 15:12:22.768] [exthost] [info] extension host started
[2021-01-17 15:12:23.183] [exthost] [info] ExtensionService#_doActivateExtension vscode.debug-auto-launch {"startup":true,"extensionId":{"value":"vscode.debug-auto-launch","_lower":"vscode.debug-auto-launch"},"activationEvent":"*"}
[2021-01-17 15:12:23.184] [exthost] [info] ExtensionService#loadCommonJSModule file:///home/bryan/.vscode-server/bin/ea3859d4ba2f3e577a159bc91e3074c5d85c0523/extensions/debug-auto-launch/dist/extension
[2021-01-17 15:12:23.201] [exthost] [info] ExtensionService#_doActivateExtension vscode.emmet {"startup":true,"extensionId":{"value":"vscode.emmet","_lower":"vscode.emmet"},"activationEvent":"*"}
[2021-01-17 15:12:23.201] [exthost] [info] ExtensionService#loadCommonJSModule file:///home/bryan/.vscode-server/bin/ea3859d4ba2f3e577a159bc91e3074c5d85c0523/extensions/emmet/dist/node/emmetNodeMain
[2021-01-17 15:12:23.267] [exthost] [info] ExtensionService#_doActivateExtension vscode.git {"startup":true,"extensionId":{"value":"vscode.github","_lower":"vscode.github"},"activationEvent":"*"}
[2021-01-17 15:12:23.267] [exthost] [info] ExtensionService#loadCommonJSModule file:///home/bryan/.vscode-server/bin/ea3859d4ba2f3e577a159bc91e3074c5d85c0523/extensions/git/dist/main
[2021-01-17 15:12:23.407] [exthost] [info] ExtensionService#_doActivateExtension vscode.merge-conflict {"startup":true,"extensionId":{"value":"vscode.merge-conflict","_lower":"vscode.merge-conflict"},"activationEvent":"*"}
[2021-01-17 15:12:23.407] [exthost] [info] ExtensionService#loadCommonJSModule file:///home/bryan/.vscode-server/bin/ea3859d4ba2f3e577a159bc91e3074c5d85c0523/extensions/merge-conflict/dist/mergeConflictMain
[2021-01-17 15:12:23.424] [exthost] [info] ExtensionService#_doActivateExtension vscode.search-result {"startup":true,"extensionId":{"value":"vscode.search-result","_lower":"vscode.search-result"},"activationEvent":"*"}
[2021-01-17 15:12:23.424] [exthost] [info] ExtensionService#loadCommonJSModule file:///home/bryan/.vscode-server/bin/ea3859d4ba2f3e577a159bc91e3074c5d85c0523/extensions/search-result/dist/extension.js
[2021-01-17 15:12:23.428] [exthost] [info] ExtensionService#_doActivateExtension AnchovyStudios.zip-extract-all {"startup":true,"extensionId":{"value":"AnchovyStudios.zip-extract-all","_lower":"anchovystudios.zip-extract-all"},"activationEvent":"*"}
[2021-01-17 15:12:23.428] [exthost] [info] ExtensionService#loadCommonJSModule file:///home/bryan/.vscode-server/extensions/anchovystudios.zip-extract-all-1.2.0/extension.js
[2021-01-17 15:12:23.479] [exthost] [info] ExtensionService#_doActivateExtension bajdzis.vscode-database {"startup":true,"extensionId":{"value":"bajdzis.vscode-database","_lower":"bajdzis.vscode-database"},"activationEvent":"*"}
[2021-01-17 15:12:23.479] [exthost] [info] ExtensionService#loadCommonJSModule file:///home/bryan/.vscode-server/extensions/bajdzis.vscode-database-2.2.3/out/extension.js
[2021-01-17 15:12:23.541] [exthost] [info] ExtensionService#_doActivateExtension chenxsan.vscode-standardjs {"startup":true,"extensionId":{"value":"chenxsan.vscode-standardjs","_lower":"chenxsan.vscode-standardjs"},"activationEvent":"*"}
[2021-01-17 15:12:23.541] [exthost] [info] ExtensionService#loadCommonJSModule file:///home/bryan/.vscode-server/extensions/chenxsan.vscode-standardjs-1.4.0/client/out/extension
[2021-01-17 15:12:23.691] [exthost] [info] ExtensionService#_doActivateExtension christian-kohler.path-intellisense {"startup":true,"extensionId":{"value":"christian-kohler.path-intellisense","_lower":"christian-kohler.path-intellisense"},"activationEvent":"*"}
[2021-01-17 15:12:23.691] [exthost] [info] ExtensionService#loadCommonJSModule file:///home/bryan/.vscode-server/extensions/christian-kohler.path-intellisense-2.3.0/out/extension.js
[2021-01-17 15:12:23.719] [exthost] [info] ExtensionService#_doActivateExtension cweijan.vscode-office {"startup":true,"extensionId":{"value":"cweijan.vscode-office","_lower":"cweijan.vscode-office"},"activationEvent":"*"}
[2021-01-17 15:12:23.719] [exthost] [info] ExtensionService#loadCommonJSModule file:///home/bryan/.vscode-server/extensions/cweijan.vscode-office-1.9.0/out/extension.js
[2021-01-17 15:12:24.136] [exthost] [info] ExtensionService#_doActivateExtension donjayamanne.githistory {"startup":true,"extensionId":{"value":"donjayamanne.githistory","_lower":"donjayamanne.githistory"},"activationEvent":"*"}
[2021-01-17 15:12:24.136] [exthost] [info] ExtensionService#loadCommonJSModule file:///home/bryan/.vscode-server/extensions/donjayamanne.githistory-0.6.14/dist/src/extension
[2021-01-17 15:12:24.226] [exthost] [info] ExtensionService#_doActivateExtension ecmel.vscode-html-css {"startup":true,"extensionId":{"value":"ecmel.vscode-html-css","_lower":"ecmel.vscode-html-css"},"activationEvent":"*"}
[2021-01-17 15:12:24.227] [exthost] [info] ExtensionService#loadCommonJSModule file:///home/bryan/.vscode-server/extensions/ecmel.vscode-html-css-1.8.1/dist/extension.js
[2021-01-17 15:12:24.290] [exthost] [info] ExtensionService#_doActivateExtension ExodiusStudios.comment-anchors {"startup":true,"extensionId":{"value":"ExodiusStudios.comment-anchors","_lower":"exodiusstudios.comment-anchors"},"activationEvent":"*"}
[2021-01-17 15:12:24.291] [exthost] [info] ExtensionService#loadCommonJSModule file:///home/bryan/.vscode-server/extensions/exodiusstudios.comment-anchors-1.9.1/out/extension
[2021-01-17 15:12:24.314] [exthost] [info] ExtensionService#_doActivateExtension fcrespo82.markdown-table-formatter {"startup":true,"extensionId":{"value":"fcrespo82.markdown-table-formatter","_lower":"fcrespo82.markdown-table-formatter"},"activationEvent":"*"}
[2021-01-17 15:12:24.314] [exthost] [info] ExtensionService#loadCommonJSModule file:///home/bryan/.vscode-server/extensions/fcrespo82.markdown-table-formatter-2.1.3/dist/extension
[2021-01-17 15:12:24.378] [exthost] [info] ExtensionService#_doActivateExtension Fooxly.provision-bar {"startup":true,"extensionId":{"value":"Fooxly.provision-bar","_lower":"fooxly.provision-bar"},"activationEvent":"*"}
[2021-01-17 15:12:24.378] [exthost] [info] ExtensionService#loadCommonJSModule file:///home/bryan/.vscode-server/extensions/fooxly.provision-bar-3.0.3/out/extension.js
[2021-01-17 15:12:24.392] [exthost] [info] ExtensionService#_doActivateExtension Fooxly.workspace {"startup":true,"extensionId":{"value":"Fooxly.workspace","_lower":"fooxly.workspace"},"activationEvent":"*"}
[2021-01-17 15:12:24.392] [exthost] [info] ExtensionService#loadCommonJSModule file:///home/bryan/.vscode-server/extensions/fooxly.workspace-1.1.1/out/extension.js
[2021-01-17 15:12:24.396] [exthost] [info] ExtensionService#_doActivateExtension hediet.hediet-power-tools {"startup":true,"extensionId":{"value":"hediet.hediet-power-tools","_lower":"hediet.hediet-power-tools"},"activationEvent":"*"}
[2021-01-17 15:12:24.396] [exthost] [info] ExtensionService#loadCommonJSModule file:///home/bryan/.vscode-server/extensions/hediet.hediet-power-tools-0.4.0/out/extension
[2021-01-17 15:12:24.725] [exthost] [info] ExtensionService#_doActivateExtension hediet.tasks-statusbar {"startup":true,"extensionId":{"value":"hediet.tasks-statusbar","_lower":"hediet.tasks-statusbar"},"activationEvent":"*"}
[2021-01-17 15:12:24.725] [exthost] [info] ExtensionService#loadCommonJSModule file:///home/bryan/.vscode-server/extensions/hediet.tasks-statusbar-0.1.0/out/extension.js
[2021-01-17 15:12:24.729] [exthost] [info] ExtensionService#_doActivateExtension HookyQR.beautify {"startup":true,"extensionId":{"value":"HookyQR.beautify","_lower":"hookyqr.beautify"},"activationEvent":"*"}
[2021-01-17 15:12:24.729] [exthost] [info] ExtensionService#loadCommonJSModule file:///home/bryan/.vscode-server/extensions/hookyqr.beautify-1.5.0/extension
[2021-01-17 15:12:24.784] [exthost] [info] ExtensionService#_doActivateExtension iocave.monkey-patch {"startup":true,"extensionId":{"value":"iocave.monkey-patch","_lower":"iocave.monkey-patch"},"activationEvent":"*"}
[2021-01-17 15:12:24.784] [exthost] [info] ExtensionService#loadCommonJSModule file:///home/bryan/.vscode-server/extensions/iocave.monkey-patch-0.1.11/out/extension.js
[2021-01-17 15:12:24.791] [exthost] [info] ExtensionService#_doActivateExtension ionutvmi.path-autocomplete {"startup":true,"extensionId":{"value":"ionutvmi.path-autocomplete","_lower":"ionutvmi.path-autocomplete"},"activationEvent":"*"}
[2021-01-17 15:12:24.791] [exthost] [info] ExtensionService#loadCommonJSModule file:///home/bryan/.vscode-server/extensions/ionutvmi.path-autocomplete-1.17.0/out/src/extension
[2021-01-17 15:12:24.802] [exthost] [info] ExtensionService#_doActivateExtension kisstkondoros.vscode-gutter-preview {"startup":true,"extensionId":{"value":"kisstkondoros.vscode-gutter-preview","_lower":"kisstkondoros.vscode-gutter-preview"},"activationEvent":"*"}
[2021-01-17 15:12:24.803] [exthost] [info] ExtensionService#loadCommonJSModule file:///home/bryan/.vscode-server/extensions/kisstkondoros.vscode-gutter-preview-0.26.2/dist/extension
[2021-01-17 15:12:24.839] [exthost] [info] ExtensionService#_doActivateExtension kortina.vscode-markdown-notes {"startup":true,"extensionId":{"value":"kortina.vscode-markdown-notes","_lower":"kortina.vscode-markdown-notes"},"activationEvent":"*"}
[2021-01-17 15:12:24.839] [exthost] [info] ExtensionService#loadCommonJSModule file:///home/bryan/.vscode-server/extensions/kortina.vscode-markdown-notes-0.0.21/out/extension.js
[2021-01-17 15:12:24.853] [exthost] [info] ExtensionService#_doActivateExtension mdickin.markdown-shortcuts {"startup":true,"extensionId":{"value":"mdickin.markdown-shortcuts","_lower":"mdickin.markdown-shortcuts"},"activationEvent":"*"}
[2021-01-17 15:12:24.853] [exthost] [info] ExtensionService#loadCommonJSModule file:///home/bryan/.vscode-server/extensions/mdickin.markdown-shortcuts-0.12.0/extension
[2021-01-17 15:12:24.858] [exthost] [info] ExtensionService#_doActivateExtension michelemelluso.code-beautifier {"startup":true,"extensionId":{"value":"michelemelluso.code-beautifier","_lower":"michelemelluso.code-beautifier"},"activationEvent":"*"}
[2021-01-17 15:12:24.858] [exthost] [info] ExtensionService#loadCommonJSModule file:///home/bryan/.vscode-server/extensions/michelemelluso.code-beautifier-2.3.3/out/src/extension
[2021-01-17 15:12:24.887] [exthost] [info] ExtensionService#_doActivateExtension mutantdino.resourcemonitor {"startup":true,"extensionId":{"value":"mutantdino.resourcemonitor","_lower":"mutantdino.resourcemonitor"},"activationEvent":"*"}
[2021-01-17 15:12:24.887] [exthost] [info] ExtensionService#loadCommonJSModule file:///home/bryan/.vscode-server/extensions/mutantdino.resourcemonitor-1.0.7/out/extension
[2021-01-17 15:12:24.924] [exthost] [info] ExtensionService#_doActivateExtension naumovs.color-highlight {"startup":true,"extensionId":{"value":"naumovs.color-highlight","_lower":"naumovs.color-highlight"},"activationEvent":"*"}
[2021-01-17 15:12:24.924] [exthost] [info] ExtensionService#loadCommonJSModule file:///home/bryan/.vscode-server/extensions/naumovs.color-highlight-2.3.0/dist/extension
[2021-01-17 15:12:24.948] [exthost] [info] ExtensionService#_doActivateExtension pdconsec.vscode-print {"startup":true,"extensionId":{"value":"pdconsec.vscode-print","_lower":"pdconsec.vscode-print"},"activationEvent":"*"}
[2021-01-17 15:12:24.949] [exthost] [info] ExtensionService#loadCommonJSModule file:///home/bryan/.vscode-server/extensions/pdconsec.vscode-print-0.8.3/dist/extension.js
[2021-01-17 15:12:25.074] [exthost] [info] ExtensionService#_doActivateExtension RedVanWorkshop.explorer-exclude-vscode-extension {"startup":true,"extensionId":{"value":"RedVanWorkshop.explorer-exclude-vscode-extension","_lower":"redvanworkshop.explorer-exclude-vscode-extension"},"activationEvent":"*"}
[2021-01-17 15:12:25.074] [exthost] [info] ExtensionService#loadCommonJSModule file:///home/bryan/.vscode-server/extensions/redvanworkshop.explorer-exclude-vscode-extension-1.2.0/extension
[2021-01-17 15:12:25.096] [exthost] [info] ExtensionService#_doActivateExtension ritwickdey.LiveServer {"startup":true,"extensionId":{"value":"ritwickdey.LiveServer","_lower":"ritwickdey.liveserver"},"activationEvent":"*"}
[2021-01-17 15:12:25.096] [exthost] [info] ExtensionService#loadCommonJSModule file:///home/bryan/.vscode-server/extensions/ritwickdey.liveserver-5.6.1/out/src/extension
[2021-01-17 15:12:25.528] [exthost] [info] ExtensionService#_doActivateExtension slevesque.vscode-multiclip {"startup":true,"extensionId":{"value":"slevesque.vscode-multiclip","_lower":"slevesque.vscode-multiclip"},"activationEvent":"*"}
[2021-01-17 15:12:25.528] [exthost] [info] ExtensionService#loadCommonJSModule file:///home/bryan/.vscode-server/extensions/slevesque.vscode-multiclip-0.1.5/out/src/extension
[2021-01-17 15:12:25.530] [exthost] [info] ExtensionService#_doActivateExtension sporiley.css-auto-prefix {"startup":true,"extensionId":{"value":"sporiley.css-auto-prefix","_lower":"sporiley.css-auto-prefix"},"activationEvent":"*"}
[2021-01-17 15:12:25.530] [exthost] [info] ExtensionService#loadCommonJSModule file:///home/bryan/.vscode-server/extensions/sporiley.css-auto-prefix-0.1.7/extension
[2021-01-17 15:12:25.532] [exthost] [info] ExtensionService#_doActivateExtension stuart.unique-window-colors {"startup":true,"extensionId":{"value":"stuart.unique-window-colors","_lower":"stuart.unique-window-colors"},"activationEvent":"*"}
[2021-01-17 15:12:25.532] [exthost] [info] ExtensionService#loadCommonJSModule file:///home/bryan/.vscode-server/extensions/stuart.unique-window-colors-1.0.51/out/extension
[2021-01-17 15:12:25.548] [exthost] [info] ExtensionService#_doActivateExtension WallabyJs.wallaby-vscode {"startup":true,"extensionId":{"value":"WallabyJs.wallaby-vscode","_lower":"wallabyjs.wallaby-vscode"},"activationEvent":"*"}
[2021-01-17 15:12:25.548] [exthost] [info] ExtensionService#loadCommonJSModule file:///home/bryan/.vscode-server/extensions/wallabyjs.wallaby-vscode-1.0.258/index
[2021-01-17 15:12:25.549] [exthost] [info] ExtensionService#_doActivateExtension wangtao0101.vscode-js-import {"startup":true,"extensionId":{"value":"wangtao0101.vscode-js-import","_lower":"wangtao0101.vscode-js-import"},"activationEvent":"*"}
[2021-01-17 15:12:25.550] [exthost] [info] ExtensionService#loadCommonJSModule file:///home/bryan/.vscode-server/extensions/wangtao0101.vscode-js-import-0.15.5/out/src/extension
[2021-01-17 15:12:25.584] [exthost] [info] ExtensionService#_doActivateExtension yatki.vscode-surround {"startup":true,"extensionId":{"value":"yatki.vscode-surround","_lower":"yatki.vscode-surround"},"activationEvent":"*"}
[2021-01-17 15:12:25.585] [exthost] [info] ExtensionService#loadCommonJSModule file:///home/bryan/.vscode-server/extensions/yatki.vscode-surround-1.0.2/out/surround
[2021-01-17 15:12:32.590] [exthost] [info] ExtensionService#_doActivateExtension go2sh.cmake-integration-vscode {"startup":true,"extensionId":{"value":"go2sh.cmake-integration-vscode","_lower":"go2sh.cmake-integration-vscode"},"activationEvent":"workspaceContainsTimeout:**/CMakeLists.txt"}
[2021-01-17 15:12:32.590] [exthost] [info] ExtensionService#loadCommonJSModule file:///home/bryan/.vscode-server/extensions/go2sh.cmake-integration-vscode-0.7.1/dist/extension
[2021-01-17 15:12:32.646] [exthost] [info] ExtensionService#_doActivateExtension lukaserat.npm-scripts {"startup":true,"extensionId":{"value":"lukaserat.npm-scripts","_lower":"lukaserat.npm-scripts"},"activationEvent":"workspaceContainsTimeout:**/package.json"}
[2021-01-17 15:12:32.646] [exthost] [info] ExtensionService#loadCommonJSModule file:///home/bryan/.vscode-server/extensions/lukaserat.npm-scripts-1.0.0/out/extension
[2021-01-17 15:12:32.678] [exthost] [info] ExtensionService#_doActivateExtension vscjava.vscode-maven {"startup":true,"extensionId":{"value":"vscjava.vscode-maven","_lower":"vscjava.vscode-maven"},"activationEvent":"workspaceContainsTimeout:**/pom.xml"}
[2021-01-17 15:12:32.678] [exthost] [info] ExtensionService#loadCommonJSModule file:///home/bryan/.vscode-server/extensions/vscjava.vscode-maven-0.27.1/dist/extension
[2021-01-17 15:12:35.592] [exthost] [info] ExtensionService#_doActivateExtension dbaeumer.vscode-eslint {"startup":false,"extensionId":{"value":"dbaeumer.vscode-eslint","_lower":"dbaeumer.vscode-eslint"},"activationEvent":"onStartupFinished"}
[2021-01-17 15:12:35.592] [exthost] [info] ExtensionService#loadCommonJSModule file:///home/bryan/.vscode-server/extensions/dbaeumer.vscode-eslint-2.1.14/client/out/extension
[2021-01-17 15:12:35.638] [exthost] [info] ExtensionService#_doActivateExtension eamodio.gitlens {"startup":false,"extensionId":{"value":"eamodio.gitlens","_lower":"eamodio.gitlens"},"activationEvent":"onStartupFinished"}
[2021-01-17 15:12:35.638] [exthost] [info] ExtensionService#loadCommonJSModule file:///home/bryan/.vscode-server/extensions/eamodio.gitlens-11.1.3/dist/gitlens
[2021-01-17 15:12:35.809] [exthost] [info] ExtensionService#_doActivateExtension esbenp.prettier-vscode {"startup":false,"extensionId":{"value":"esbenp.prettier-vscode","_lower":"esbenp.prettier-vscode"},"activationEvent":"onStartupFinished"}
[2021-01-17 15:12:35.809] [exthost] [info] ExtensionService#loadCommonJSModule file:///home/bryan/.vscode-server/extensions/esbenp.prettier-vscode-5.8.0/dist/extension
[2021-01-17 15:12:35.984] [exthost] [info] ExtensionService#_doActivateExtension formulahendry.code-runner {"startup":false,"extensionId":{"value":"formulahendry.code-runner","_lower":"formulahendry.code-runner"},"activationEvent":"onStartupFinished"}
[2021-01-17 15:12:35.984] [exthost] [info] ExtensionService#loadCommonJSModule file:///home/bryan/.vscode-server/extensions/formulahendry.code-runner-0.11.2/out/src/extension
[2021-01-17 15:12:36.028] [exthost] [info] ExtensionService#_doActivateExtension yasht.terminal-all-in-one {"startup":false,"extensionId":{"value":"yasht.terminal-all-in-one","_lower":"yasht.terminal-all-in-one"},"activationEvent":"onStartupFinished"}
[2021-01-17 15:12:36.028] [exthost] [info] ExtensionService#loadCommonJSModule file:///home/bryan/.vscode-server/extensions/yasht.terminal-all-in-one-1.11.16/dist/extension
[2021-01-17 15:12:41.330] [exthost] [info] ExtensionService#_doActivateExtension ms-vscode.cpptools {"startup":false,"extensionId":{"value":"go2sh.cmake-integration-vscode","_lower":"go2sh.cmake-integration-vscode"},"activationEvent":"api"}
[2021-01-17 15:12:41.330] [exthost] [info] ExtensionService#loadCommonJSModule file:///home/bryan/.vscode-server/extensions/ms-vscode.cpptools-1.2.0-insiders/dist/main
[2021-01-17 15:12:41.846] [exthost] [error] Activating extension lukaserat.npm-scripts failed due to an error:
[2021-01-17 15:12:41.846] [exthost] [error] Error: ENOENT: no such file or directory, open '/home/bryan/keep-unsorted/package.json'
	at Object.openSync (fs.js:440:3)
	at Object.readFileSync (fs.js:342:35)
	at NpmScripts.read (/home/bryan/.vscode-server/extensions/lukaserat.npm-scripts-1.0.0/out/extension.js:85:41)
	at activate (/home/bryan/.vscode-server/extensions/lukaserat.npm-scripts-1.0.0/out/extension.js:20:19)
	at Function._callActivateOptional (/home/bryan/.vscode-server/bin/ea3859d4ba2f3e577a159bc91e3074c5d85c0523/out/vs/server/remoteExtensionHostProcess.js:984:773)
	at Function._callActivate (/home/bryan/.vscode-server/bin/ea3859d4ba2f3e577a159bc91e3074c5d85c0523/out/vs/server/remoteExtensionHostProcess.js:984:424)
	at /home/bryan/.vscode-server/bin/ea3859d4ba2f3e577a159bc91e3074c5d85c0523/out/vs/server/remoteExtensionHostProcess.js:982:841
	at processTicksAndRejections (internal/process/task_queues.js:94:5)
	at async Promise.all (index 0)
	at async Promise.all (index 101)
	at async Promise.all (index 1)
[2021-01-17 15:12:42.575] [exthost] [info] ExtensionService#_doActivateExtension vscode.grunt {"startup":false,"extensionId":{"value":"vscode.grunt","_lower":"vscode.grunt"},"activationEvent":"onCommand:workbench.action.tasks.runTask"}
[2021-01-17 15:12:42.575] [exthost] [info] ExtensionService#loadCommonJSModule file:///home/bryan/.vscode-server/bin/ea3859d4ba2f3e577a159bc91e3074c5d85c0523/extensions/grunt/dist/main
[2021-01-17 15:12:42.588] [exthost] [info] ExtensionService#_doActivateExtension vscode.gulp {"startup":false,"extensionId":{"value":"vscode.gulp","_lower":"vscode.gulp"},"activationEvent":"onCommand:workbench.action.tasks.runTask"}
[2021-01-17 15:12:42.589] [exthost] [info] ExtensionService#loadCommonJSModule file:///home/bryan/.vscode-server/bin/ea3859d4ba2f3e577a159bc91e3074c5d85c0523/extensions/gulp/dist/main
[2021-01-17 15:12:42.597] [exthost] [info] ExtensionService#_doActivateExtension vscode.jake {"startup":false,"extensionId":{"value":"vscode.jake","_lower":"vscode.jake"},"activationEvent":"onCommand:workbench.action.tasks.runTask"}
[2021-01-17 15:12:42.598] [exthost] [info] ExtensionService#loadCommonJSModule file:///home/bryan/.vscode-server/bin/ea3859d4ba2f3e577a159bc91e3074c5d85c0523/extensions/jake/dist/main
[2021-01-17 15:12:42.606] [exthost] [info] ExtensionService#_doActivateExtension vscode.npm {"startup":false,"extensionId":{"value":"vscode.npm","_lower":"vscode.npm"},"activationEvent":"onCommand:workbench.action.tasks.runTask"}
[2021-01-17 15:12:42.606] [exthost] [info] ExtensionService#loadCommonJSModule file:///home/bryan/.vscode-server/bin/ea3859d4ba2f3e577a159bc91e3074c5d85c0523/extensions/npm/dist/npmMain
[2021-01-17 15:12:42.671] [exthost] [info] ExtensionService#_doActivateExtension vscode.typescript-language-features {"startup":false,"extensionId":{"value":"vscode.typescript-language-features","_lower":"vscode.typescript-language-features"},"activationEvent":"onCommand:workbench.action.tasks.runTask"}
[2021-01-17 15:12:42.671] [exthost] [info] ExtensionService#loadCommonJSModule file:///home/bryan/.vscode-server/bin/ea3859d4ba2f3e577a159bc91e3074c5d85c0523/extensions/typescript-language-features/dist/extension
[2021-01-17 15:12:42.740] [exthost] [info] ExtensionService#_doActivateExtension ms-azuretools.vscode-docker {"startup":false,"extensionId":{"value":"ms-azuretools.vscode-docker","_lower":"ms-azuretools.vscode-docker"},"activationEvent":"onCommand:workbench.action.tasks.runTask"}
[2021-01-17 15:12:42.740] [exthost] [info] ExtensionService#loadCommonJSModule file:///home/bryan/.vscode-server/extensions/ms-azuretools.vscode-docker-1.9.0/main
[2021-01-17 15:12:43.444] [exthost] [info] ExtensionService#_doActivateExtension rebornix.ruby {"startup":false,"extensionId":{"value":"rebornix.ruby","_lower":"rebornix.ruby"},"activationEvent":"onCommand:workbench.action.tasks.runTask"}
[2021-01-17 15:12:43.444] [exthost] [info] ExtensionService#loadCommonJSModule file:///home/bryan/.vscode-server/extensions/rebornix.ruby-0.28.1/dist/client/ruby.js
[2021-01-17 15:12:43.772] [exthost] [info] ExtensionService#_doActivateExtension vscode.github {"startup":true,"extensionId":{"value":"vscode.github","_lower":"vscode.github"},"activationEvent":"*"}
[2021-01-17 15:12:43.772] [exthost] [info] ExtensionService#loadCommonJSModule file:///home/bryan/.vscode-server/bin/ea3859d4ba2f3e577a159bc91e3074c5d85c0523/extensions/github/dist/extension.js
[2021-01-17 15:12:43.860] [exthost] [info] ExtensionService#_doActivateExtension ms-vscode.js-debug {"startup":false,"extensionId":{"value":"ms-vscode.js-debug","_lower":"ms-vscode.js-debug"},"activationEvent":"onCommand:extension.js-debug.clearAutoAttachVariables"}
[2021-01-17 15:12:43.860] [exthost] [info] ExtensionService#loadCommonJSModule file:///home/bryan/.vscode-server/bin/ea3859d4ba2f3e577a159bc91e3074c5d85c0523/extensions/ms-vscode.js-debug/src/extension.js
[2021-01-17 15:12:46.828] [exthost] [info] eager extensions activated
[2021-01-17 15:13:01.715] [exthost] [info] ExtensionService#_doActivateExtension vscode.configuration-editing {"startup":false,"extensionId":{"value":"vscode.configuration-editing","_lower":"vscode.configuration-editing"},"activationEvent":"onLanguage:jsonc"}
[2021-01-17 15:13:01.715] [exthost] [info] ExtensionService#loadCommonJSModule file:///home/bryan/.vscode-server/bin/ea3859d4ba2f3e577a159bc91e3074c5d85c0523/extensions/configuration-editing/dist/configurationEditingMain
[2021-01-17 15:13:01.736] [exthost] [info] ExtensionService#_doActivateExtension vscode.json-language-features {"startup":false,"extensionId":{"value":"vscode.json-language-features","_lower":"vscode.json-language-features"},"activationEvent":"onLanguage:jsonc"}
[2021-01-17 15:13:01.736] [exthost] [info] ExtensionService#loadCommonJSModule file:///home/bryan/.vscode-server/bin/ea3859d4ba2f3e577a159bc91e3074c5d85c0523/extensions/json-language-features/client/dist/node/jsonClientMain
[2021-01-17 15:13:15.336] [exthost] [warning] [Decorations] CAPPING events from decorations provider vscode.git 5000
[2021-01-17 15:13:17.750] [exthost] [warning] [Decorations] CAPPING events from decorations provider vscode.git 5000
[2021-01-17 15:16:39.711] [exthost] [warning] [Decorations] CAPPING events from decorations provider vscode.git 5000
[2021-01-17 15:19:17.291] [exthost] [info] ExtensionService#_doActivateExtension foxundermoon.shell-format {"startup":false,"extensionId":{"value":"foxundermoon.shell-format","_lower":"foxundermoon.shell-format"},"activationEvent":"onLanguage:shellscript"}
[2021-01-17 15:19:17.291] [exthost] [info] ExtensionService#loadCommonJSModule file:///home/bryan/.vscode-server/extensions/foxundermoon.shell-format-7.0.1/dist/extension
[2021-01-17 15:19:17.300] [exthost] [info] ExtensionService#_doActivateExtension mads-hartmann.bash-ide-vscode {"startup":false,"extensionId":{"value":"mads-hartmann.bash-ide-vscode","_lower":"mads-hartmann.bash-ide-vscode"},"activationEvent":"onLanguage:shellscript"}
[2021-01-17 15:19:17.300] [exthost] [info] ExtensionService#loadCommonJSModule file:///home/bryan/.vscode-server/extensions/mads-hartmann.bash-ide-vscode-1.11.0/out/extension
[2021-01-17 15:19:17.423] [exthost] [info] ExtensionService#_doActivateExtension timonwong.shellcheck {"startup":false,"extensionId":{"value":"timonwong.shellcheck","_lower":"timonwong.shellcheck"},"activationEvent":"onLanguage:shellscript"}
[2021-01-17 15:19:17.423] [exthost] [info] ExtensionService#loadCommonJSModule file:///home/bryan/.vscode-server/extensions/timonwong.shellcheck-0.12.3/main
[2021-01-17 15:19:42.962] [exthost] [warning] [Decorations] CAPPING events from decorations provider vscode.git 5000
[2021-01-17 15:22:49.402] [exthost] [warning] [Decorations] CAPPING events from decorations provider vscode.git 5000
[2021-01-17 15:25:53.708] [exthost] [warning] [Decorations] CAPPING events from decorations provider vscode.git 5000
[2021-01-17 15:27:48.160] [exthost] [info] ExtensionService#_doActivateExtension vscode.html-language-features {"startup":false,"extensionId":{"value":"vscode.html-language-features","_lower":"vscode.html-language-features"},"activationEvent":"onLanguage:html"}
[2021-01-17 15:27:48.160] [exthost] [info] ExtensionService#loadCommonJSModule file:///home/bryan/.vscode-server/bin/ea3859d4ba2f3e577a159bc91e3074c5d85c0523/extensions/html-language-features/client/dist/node/htmlClientMain
[2021-01-17 15:27:48.197] [exthost] [info] ExtensionService#_doActivateExtension leizongmin.node-module-intellisense {"startup":false,"extensionId":{"value":"leizongmin.node-module-intellisense","_lower":"leizongmin.node-module-intellisense"},"activationEvent":"onLanguage:html"}
[2021-01-17 15:27:48.197] [exthost] [info] ExtensionService#loadCommonJSModule file:///home/bryan/.vscode-server/extensions/leizongmin.node-module-intellisense-1.5.0/out/src/extension
[2021-01-17 15:28:55.954] [exthost] [warning] [Decorations] CAPPING events from decorations provider vscode.git 5000
[2021-01-17 15:31:58.849] [exthost] [warning] [Decorations] CAPPING events from decorations provider vscode.git 5000
[2021-01-17 15:35:01.172] [exthost] [warning] [Decorations] CAPPING events from decorations provider vscode.git 5000
[2021-01-17 15:38:03.949] [exthost] [warning] [Decorations] CAPPING events from decorations provider vscode.git 5000
[2021-01-17 15:41:06.239] [exthost] [warning] [Decorations] CAPPING events from decorations provider vscode.git 5000
[2021-01-17 15:47:50.414] [exthost] [warning] [Decorations] CAPPING events from decorations provider vscode.git 5000
