0 info it worked if it ends with ok
1 verbose cli [
1 verbose cli   '/home/bryan/.nvm/versions/node/v12.14.1/bin/node',
1 verbose cli   '/usr/bin/npm',
1 verbose cli   'run',
1 verbose cli   'start'
1 verbose cli ]
2 info using npm@6.14.10
3 info using node@v12.14.1
4 verbose run-script [ 'prestart', 'start', 'poststart' ]
5 info lifecycle FullstackGeneratedApp@1.0.0~prestart: FullstackGeneratedApp@1.0.0
6 info lifecycle FullstackGeneratedApp@1.0.0~start: FullstackGeneratedApp@1.0.0
7 verbose lifecycle FullstackGeneratedApp@1.0.0~start: unsafe-perm in lifecycle true
8 verbose lifecycle FullstackGeneratedApp@1.0.0~start: PATH: /usr/lib/node_modules/npm/node_modules/npm-lifecycle/node-gyp-bin:/mnt/c/MY-WEB-DEV/02-cloned-repos/_AA-Clones/joe/ui-router-walkthrough-master/node_modules/.bin:/home/bryan/.local/bin:/home/bryan/gems/bin:/home/bryan/.nvm/versions/node/v12.14.1/bin:/usr/local/sbin:/usr/local/bin:/usr/sbin:/usr/bin:/sbin:/bin:/usr/games:/usr/local/games:/mnt/c/Program Files (x86)/Common Files/Oracle/Java/javapath:/mnt/c/tools/ruby27/bin:/mnt/c/WINDOWS/system32:/mnt/c/WINDOWS:/mnt/c/WINDOWS/System32/Wbem:/mnt/c/WINDOWS/System32/WindowsPowerShell/v1.0/:/mnt/c/WINDOWS/System32/OpenSSH/:/mnt/c/ProgramData/chocolatey/bin:/mnt/c/tools/php80:/mnt/c/Program Files (x86)/Yarn/bin/:/mnt/c/Program Files/nodejs/:/mnt/c/Program Files (x86)/ExifTool:/mnt/c/Program Files/Docker/Docker/resources/bin:/mnt/c/ProgramData/DockerDesktop/version-bin:/mnt/c/Program Files/Git/cmd:/mnt/c/Program Files/Git LFS:/mnt/c/Program Files (x86)/Brackets/command:/mnt/c/Users/bryan/AppData/Local/Programs/Python/Python39/Scripts/:/mnt/c/Users/bryan/AppData/Local/Programs/Python/Python39/:/mnt/c/Users/bryan/AppData/Local/Microsoft/WindowsApps:/mnt/c/Users/bryan/AppData/Local/Programs/Microsoft VS Code Insiders/bin:/mnt/c/Users/bryan/AppData/Local/atom/bin:/mnt/c/Program Files/heroku/bin:/mnt/c/Program Files/Oracle/VirtualBox:/mnt/c/Users/bryan/AppData/Local/GitHubDesktop/bin:/mnt/c/Users/bryan/.dotnet/tools:/mnt/c/Users/bryan/AppData/Local/Programs/Microsoft VS Code/bin:/mnt/c/Program Files/JetBrains/PyCharm Community Edition 2020.3.2/bin:/mnt/c/Users/bryan/AppData/Local/Markdown Monster:/mnt/c/Users/bryan/AppData/Local/Yarn/bin:/mnt/c/Program Files (x86)/GitHub CLI/:/mnt/c/Users/bryan/AppData/Roaming/npm:/mnt/c/Users/bryan/AppData/Local/hyper/app-3.0.2/resources/bin
9 verbose lifecycle FullstackGeneratedApp@1.0.0~start: CWD: /mnt/c/MY-WEB-DEV/02-cloned-repos/_AA-Clones/joe/ui-router-walkthrough-master
10 silly lifecycle FullstackGeneratedApp@1.0.0~start: Args: [ '-c', 'node server/start.js' ]
11 silly lifecycle FullstackGeneratedApp@1.0.0~start: Returned: code: 1  signal: null
12 info lifecycle FullstackGeneratedApp@1.0.0~start: Failed to exec start script
13 verbose stack Error: FullstackGeneratedApp@1.0.0 start: `node server/start.js`
13 verbose stack Exit status 1
13 verbose stack     at EventEmitter.<anonymous> (/usr/lib/node_modules/npm/node_modules/npm-lifecycle/index.js:332:16)
13 verbose stack     at EventEmitter.emit (events.js:223:5)
13 verbose stack     at ChildProcess.<anonymous> (/usr/lib/node_modules/npm/node_modules/npm-lifecycle/lib/spawn.js:55:14)
13 verbose stack     at ChildProcess.emit (events.js:223:5)
13 verbose stack     at maybeClose (internal/child_process.js:1021:16)
13 verbose stack     at Process.ChildProcess._handle.onexit (internal/child_process.js:283:5)
14 verbose pkgid FullstackGeneratedApp@1.0.0
15 verbose cwd /mnt/c/MY-WEB-DEV/02-cloned-repos/_AA-Clones/joe/ui-router-walkthrough-master
16 verbose Linux 4.19.128-microsoft-standard
17 verbose argv "/home/bryan/.nvm/versions/node/v12.14.1/bin/node" "/usr/bin/npm" "run" "start"
18 verbose node v12.14.1
19 verbose npm  v6.14.10
20 error code ELIFECYCLE
21 error errno 1
22 error FullstackGeneratedApp@1.0.0 start: `node server/start.js`
22 error Exit status 1
23 error Failed at the FullstackGeneratedApp@1.0.0 start script.
23 error This is probably not a problem with npm. There is likely additional logging output above.
24 verbose exit [ 1, true ]
