0 info it worked if it ends with ok
1 verbose cli [
1 verbose cli   '/home/bryan/.nvm/versions/node/v12.14.1/bin/node',
1 verbose cli   '/usr/bin/npm',
1 verbose cli   'audit',
1 verbose cli   'fic'
1 verbose cli ]
2 info using npm@6.14.10
3 info using node@v12.14.1
4 verbose npm-session 6ef8c73b1672e694
5 verbose stack Error: Invalid audit subcommand: `fic`
5 verbose stack
5 verbose stack Usage:
5 verbose stack
5 verbose stack npm audit [--json] [--production]
5 verbose stack npm audit fix [--force|--package-lock-only|--dry-run|--production|--only=(dev|prod)]
5 verbose stack     at EventEmitter.auditCmd (/usr/lib/node_modules/npm/lib/audit.js:155:15)
5 verbose stack     at Object.commandCache.<computed> (/usr/lib/node_modules/npm/lib/npm.js:156:13)
5 verbose stack     at EventEmitter.<anonymous> (/usr/lib/node_modules/npm/bin/npm-cli.js:133:30)
5 verbose stack     at processTicksAndRejections (internal/process/task_queues.js:76:11)
6 verbose cwd /mnt/c/MY-WEB-DEV/09-temp-explore/autofill-form-master/autofill-form-master
7 verbose Linux 4.19.128-microsoft-standard
8 verbose argv "/home/bryan/.nvm/versions/node/v12.14.1/bin/node" "/usr/bin/npm" "audit" "fic"
9 verbose node v12.14.1
10 verbose npm  v6.14.10
11 error Invalid audit subcommand: `fic`
11 error
11 error Usage:
11 error
11 error npm audit [--json] [--production]
11 error npm audit fix [--force|--package-lock-only|--dry-run|--production|--only=(dev|prod)]
12 verbose exit [ 1, true ]
