[2021-01-17 19:08:54.974] [exthost] [info] extension host started
[2021-01-17 19:09:40.704] [exthost] [info] ExtensionService#_doActivateExtension vscode.debug-auto-launch {"startup":true,"extensionId":{"value":"vscode.debug-auto-launch","_lower":"vscode.debug-auto-launch"},"activationEvent":"*"}
[2021-01-17 19:09:40.705] [exthost] [info] ExtensionService#loadCommonJSModule file:///home/bryan/.vscode-server/bin/ea3859d4ba2f3e577a159bc91e3074c5d85c0523/extensions/debug-auto-launch/dist/extension
[2021-01-17 19:09:40.806] [exthost] [info] ExtensionService#_doActivateExtension vscode.emmet {"startup":true,"extensionId":{"value":"vscode.emmet","_lower":"vscode.emmet"},"activationEvent":"*"}
[2021-01-17 19:09:40.806] [exthost] [info] ExtensionService#loadCommonJSModule file:///home/bryan/.vscode-server/bin/ea3859d4ba2f3e577a159bc91e3074c5d85c0523/extensions/emmet/dist/node/emmetNodeMain
[2021-01-17 19:09:41.006] [exthost] [info] ExtensionService#_doActivateExtension vscode.git {"startup":true,"extensionId":{"value":"vscode.github","_lower":"vscode.github"},"activationEvent":"*"}
[2021-01-17 19:09:41.016] [exthost] [info] ExtensionService#loadCommonJSModule file:///home/bryan/.vscode-server/bin/ea3859d4ba2f3e577a159bc91e3074c5d85c0523/extensions/git/dist/main
[2021-01-17 19:09:41.204] [exthost] [info] ExtensionService#_doActivateExtension vscode.merge-conflict {"startup":true,"extensionId":{"value":"vscode.merge-conflict","_lower":"vscode.merge-conflict"},"activationEvent":"*"}
[2021-01-17 19:09:41.204] [exthost] [info] ExtensionService#loadCommonJSModule file:///home/bryan/.vscode-server/bin/ea3859d4ba2f3e577a159bc91e3074c5d85c0523/extensions/merge-conflict/dist/mergeConflictMain
[2021-01-17 19:09:41.233] [exthost] [info] ExtensionService#_doActivateExtension vscode.search-result {"startup":true,"extensionId":{"value":"vscode.search-result","_lower":"vscode.search-result"},"activationEvent":"*"}
[2021-01-17 19:09:41.233] [exthost] [info] ExtensionService#loadCommonJSModule file:///home/bryan/.vscode-server/bin/ea3859d4ba2f3e577a159bc91e3074c5d85c0523/extensions/search-result/dist/extension.js
[2021-01-17 19:09:41.242] [exthost] [info] ExtensionService#_doActivateExtension AnchovyStudios.zip-extract-all {"startup":true,"extensionId":{"value":"AnchovyStudios.zip-extract-all","_lower":"anchovystudios.zip-extract-all"},"activationEvent":"*"}
[2021-01-17 19:09:41.242] [exthost] [info] ExtensionService#loadCommonJSModule file:///home/bryan/.vscode-server/extensions/anchovystudios.zip-extract-all-1.2.0/extension.js
[2021-01-17 19:09:41.411] [exthost] [info] ExtensionService#_doActivateExtension bajdzis.vscode-database {"startup":true,"extensionId":{"value":"bajdzis.vscode-database","_lower":"bajdzis.vscode-database"},"activationEvent":"*"}
[2021-01-17 19:09:41.411] [exthost] [info] ExtensionService#loadCommonJSModule file:///home/bryan/.vscode-server/extensions/bajdzis.vscode-database-2.2.3/out/extension.js
[2021-01-17 19:09:41.479] [exthost] [info] ExtensionService#_doActivateExtension chenxsan.vscode-standardjs {"startup":true,"extensionId":{"value":"chenxsan.vscode-standardjs","_lower":"chenxsan.vscode-standardjs"},"activationEvent":"*"}
[2021-01-17 19:09:41.479] [exthost] [info] ExtensionService#loadCommonJSModule file:///home/bryan/.vscode-server/extensions/chenxsan.vscode-standardjs-1.4.0/client/out/extension
[2021-01-17 19:09:42.015] [exthost] [info] ExtensionService#_doActivateExtension christian-kohler.path-intellisense {"startup":true,"extensionId":{"value":"christian-kohler.path-intellisense","_lower":"christian-kohler.path-intellisense"},"activationEvent":"*"}
[2021-01-17 19:09:42.015] [exthost] [info] ExtensionService#loadCommonJSModule file:///home/bryan/.vscode-server/extensions/christian-kohler.path-intellisense-2.3.0/out/extension.js
[2021-01-17 19:09:42.129] [exthost] [info] ExtensionService#_doActivateExtension cweijan.vscode-office {"startup":true,"extensionId":{"value":"cweijan.vscode-office","_lower":"cweijan.vscode-office"},"activationEvent":"*"}
[2021-01-17 19:09:42.129] [exthost] [info] ExtensionService#loadCommonJSModule file:///home/bryan/.vscode-server/extensions/cweijan.vscode-office-1.9.0/out/extension.js
[2021-01-17 19:09:42.887] [exthost] [info] ExtensionService#_doActivateExtension donjayamanne.githistory {"startup":true,"extensionId":{"value":"donjayamanne.githistory","_lower":"donjayamanne.githistory"},"activationEvent":"*"}
[2021-01-17 19:09:42.887] [exthost] [info] ExtensionService#loadCommonJSModule file:///home/bryan/.vscode-server/extensions/donjayamanne.githistory-0.6.14/dist/src/extension
[2021-01-17 19:09:43.100] [exthost] [info] ExtensionService#_doActivateExtension ecmel.vscode-html-css {"startup":true,"extensionId":{"value":"ecmel.vscode-html-css","_lower":"ecmel.vscode-html-css"},"activationEvent":"*"}
[2021-01-17 19:09:43.100] [exthost] [info] ExtensionService#loadCommonJSModule file:///home/bryan/.vscode-server/extensions/ecmel.vscode-html-css-1.9.1/dist/extension.js
[2021-01-17 19:09:43.308] [exthost] [info] ExtensionService#_doActivateExtension ExodiusStudios.comment-anchors {"startup":true,"extensionId":{"value":"ExodiusStudios.comment-anchors","_lower":"exodiusstudios.comment-anchors"},"activationEvent":"*"}
[2021-01-17 19:09:43.308] [exthost] [info] ExtensionService#loadCommonJSModule file:///home/bryan/.vscode-server/extensions/exodiusstudios.comment-anchors-1.9.1/out/extension
[2021-01-17 19:09:43.613] [exthost] [info] ExtensionService#_doActivateExtension fcrespo82.markdown-table-formatter {"startup":true,"extensionId":{"value":"fcrespo82.markdown-table-formatter","_lower":"fcrespo82.markdown-table-formatter"},"activationEvent":"*"}
[2021-01-17 19:09:43.613] [exthost] [info] ExtensionService#loadCommonJSModule file:///home/bryan/.vscode-server/extensions/fcrespo82.markdown-table-formatter-2.1.3/dist/extension
[2021-01-17 19:09:43.797] [exthost] [info] ExtensionService#_doActivateExtension Fooxly.provision-bar {"startup":true,"extensionId":{"value":"Fooxly.provision-bar","_lower":"fooxly.provision-bar"},"activationEvent":"*"}
[2021-01-17 19:09:43.797] [exthost] [info] ExtensionService#loadCommonJSModule file:///home/bryan/.vscode-server/extensions/fooxly.provision-bar-3.0.3/out/extension.js
[2021-01-17 19:09:43.932] [exthost] [info] ExtensionService#_doActivateExtension Fooxly.workspace {"startup":true,"extensionId":{"value":"Fooxly.workspace","_lower":"fooxly.workspace"},"activationEvent":"*"}
[2021-01-17 19:09:43.932] [exthost] [info] ExtensionService#loadCommonJSModule file:///home/bryan/.vscode-server/extensions/fooxly.workspace-1.1.1/out/extension.js
[2021-01-17 19:09:43.966] [exthost] [info] ExtensionService#_doActivateExtension hediet.hediet-power-tools {"startup":true,"extensionId":{"value":"hediet.hediet-power-tools","_lower":"hediet.hediet-power-tools"},"activationEvent":"*"}
[2021-01-17 19:09:43.967] [exthost] [info] ExtensionService#loadCommonJSModule file:///home/bryan/.vscode-server/extensions/hediet.hediet-power-tools-0.4.0/out/extension
[2021-01-17 19:09:45.430] [exthost] [info] ExtensionService#_doActivateExtension hediet.tasks-statusbar {"startup":true,"extensionId":{"value":"hediet.tasks-statusbar","_lower":"hediet.tasks-statusbar"},"activationEvent":"*"}
[2021-01-17 19:09:45.430] [exthost] [info] ExtensionService#loadCommonJSModule file:///home/bryan/.vscode-server/extensions/hediet.tasks-statusbar-0.1.0/out/extension.js
[2021-01-17 19:09:45.463] [exthost] [info] ExtensionService#_doActivateExtension HookyQR.beautify {"startup":true,"extensionId":{"value":"HookyQR.beautify","_lower":"hookyqr.beautify"},"activationEvent":"*"}
[2021-01-17 19:09:45.463] [exthost] [info] ExtensionService#loadCommonJSModule file:///home/bryan/.vscode-server/extensions/hookyqr.beautify-1.5.0/extension
[2021-01-17 19:09:45.871] [exthost] [info] ExtensionService#_doActivateExtension iocave.monkey-patch {"startup":true,"extensionId":{"value":"iocave.monkey-patch","_lower":"iocave.monkey-patch"},"activationEvent":"*"}
[2021-01-17 19:09:45.871] [exthost] [info] ExtensionService#loadCommonJSModule file:///home/bryan/.vscode-server/extensions/iocave.monkey-patch-0.1.11/out/extension.js
[2021-01-17 19:09:45.984] [exthost] [info] ExtensionService#_doActivateExtension ionutvmi.path-autocomplete {"startup":true,"extensionId":{"value":"ionutvmi.path-autocomplete","_lower":"ionutvmi.path-autocomplete"},"activationEvent":"*"}
[2021-01-17 19:09:45.984] [exthost] [info] ExtensionService#loadCommonJSModule file:///home/bryan/.vscode-server/extensions/ionutvmi.path-autocomplete-1.17.0/out/src/extension
[2021-01-17 19:09:46.225] [exthost] [info] ExtensionService#_doActivateExtension kisstkondoros.vscode-gutter-preview {"startup":true,"extensionId":{"value":"kisstkondoros.vscode-gutter-preview","_lower":"kisstkondoros.vscode-gutter-preview"},"activationEvent":"*"}
[2021-01-17 19:09:46.225] [exthost] [info] ExtensionService#loadCommonJSModule file:///home/bryan/.vscode-server/extensions/kisstkondoros.vscode-gutter-preview-0.26.2/dist/extension
[2021-01-17 19:09:46.358] [exthost] [info] ExtensionService#_doActivateExtension kortina.vscode-markdown-notes {"startup":true,"extensionId":{"value":"kortina.vscode-markdown-notes","_lower":"kortina.vscode-markdown-notes"},"activationEvent":"*"}
[2021-01-17 19:09:46.358] [exthost] [info] ExtensionService#loadCommonJSModule file:///home/bryan/.vscode-server/extensions/kortina.vscode-markdown-notes-0.0.21/out/extension.js
[2021-01-17 19:09:46.574] [exthost] [info] ExtensionService#_doActivateExtension mdickin.markdown-shortcuts {"startup":true,"extensionId":{"value":"mdickin.markdown-shortcuts","_lower":"mdickin.markdown-shortcuts"},"activationEvent":"*"}
[2021-01-17 19:09:46.575] [exthost] [info] ExtensionService#loadCommonJSModule file:///home/bryan/.vscode-server/extensions/mdickin.markdown-shortcuts-0.12.0/extension
[2021-01-17 19:09:46.623] [exthost] [info] ExtensionService#_doActivateExtension michelemelluso.code-beautifier {"startup":true,"extensionId":{"value":"michelemelluso.code-beautifier","_lower":"michelemelluso.code-beautifier"},"activationEvent":"*"}
[2021-01-17 19:09:46.623] [exthost] [info] ExtensionService#loadCommonJSModule file:///home/bryan/.vscode-server/extensions/michelemelluso.code-beautifier-2.3.3/out/src/extension
[2021-01-17 19:09:46.887] [exthost] [info] ExtensionService#_doActivateExtension mutantdino.resourcemonitor {"startup":true,"extensionId":{"value":"mutantdino.resourcemonitor","_lower":"mutantdino.resourcemonitor"},"activationEvent":"*"}
[2021-01-17 19:09:46.887] [exthost] [info] ExtensionService#loadCommonJSModule file:///home/bryan/.vscode-server/extensions/mutantdino.resourcemonitor-1.0.7/out/extension
[2021-01-17 19:09:47.022] [exthost] [info] ExtensionService#_doActivateExtension naumovs.color-highlight {"startup":true,"extensionId":{"value":"naumovs.color-highlight","_lower":"naumovs.color-highlight"},"activationEvent":"*"}
[2021-01-17 19:09:47.022] [exthost] [info] ExtensionService#loadCommonJSModule file:///home/bryan/.vscode-server/extensions/naumovs.color-highlight-2.3.0/dist/extension
[2021-01-17 19:09:47.059] [exthost] [info] ExtensionService#_doActivateExtension pdconsec.vscode-print {"startup":true,"extensionId":{"value":"pdconsec.vscode-print","_lower":"pdconsec.vscode-print"},"activationEvent":"*"}
[2021-01-17 19:09:47.059] [exthost] [info] ExtensionService#loadCommonJSModule file:///home/bryan/.vscode-server/extensions/pdconsec.vscode-print-0.8.3/dist/extension.js
[2021-01-17 19:09:47.264] [exthost] [info] ExtensionService#_doActivateExtension RedVanWorkshop.explorer-exclude-vscode-extension {"startup":true,"extensionId":{"value":"RedVanWorkshop.explorer-exclude-vscode-extension","_lower":"redvanworkshop.explorer-exclude-vscode-extension"},"activationEvent":"*"}
[2021-01-17 19:09:47.265] [exthost] [info] ExtensionService#loadCommonJSModule file:///home/bryan/.vscode-server/extensions/redvanworkshop.explorer-exclude-vscode-extension-1.2.0/extension
[2021-01-17 19:09:47.339] [exthost] [info] ExtensionService#_doActivateExtension ritwickdey.LiveServer {"startup":true,"extensionId":{"value":"ritwickdey.LiveServer","_lower":"ritwickdey.liveserver"},"activationEvent":"*"}
[2021-01-17 19:09:47.339] [exthost] [info] ExtensionService#loadCommonJSModule file:///home/bryan/.vscode-server/extensions/ritwickdey.liveserver-5.6.1/out/src/extension
